<?xml version="1.0" encoding="UTF-8"?>
<!-- Generated by org.testng.reporters.JUnitReportReporter -->
<testsuite hostname="LAPTOP-LV0FJM8T" failures="0" tests="4" name="StepDefinition.loginsteps" time="0.015" errors="0" timestamp="2022-12-10T13:18:50 IST" skipped="0">
  <testcase classname="StepDefinition.loginsteps" name="user_enters_username_and_password" time="0.001"/>
  <system-out/>
  <testcase classname="StepDefinition.loginsteps" name="clicks_on_login_buton" time="0.008"/>
  <system-out/>
  <testcase classname="StepDefinition.loginsteps" name="user_is_navigated_to_the_home_page" time="0.001"/>
  <system-out/>
  <testcase classname="StepDefinition.loginsteps" name="user_is_on_login_page" time="0.005"/>
  <system-out/>
</testsuite> <!-- StepDefinition.loginsteps -->
